2023-04-03 01:28:35.751755 - Initialized conversion of CBT622
2023-04-03 01:28:36.011460 - Received CBT.V504.FILE622.PDS from FILE622.XMI 
2023-04-03 01:28:36.014177 - Found $$$#DATE.txt (text/plain) in CBT.V504.FILE622.PDS, moved to PDS/$$$#DATE
2023-04-03 01:28:36.015343 - Found $RECEIVE.jcl (text/plain) in CBT.V504.FILE622.PDS, moved to PDS/$RECEIVE
2023-04-03 01:28:36.016386 - Found $RECESBG.jcl (text/plain) in CBT.V504.FILE622.PDS, moved to PDS/$RECESBG
2023-04-03 01:28:36.017385 - Found @FILE622.txt (text/plain) in CBT.V504.FILE622.PDS, moved to PDS/@FILE622
2023-04-03 01:28:36.243385 - Found API.xmi (application/xmit) in CBT.V504.FILE622.PDS
2023-04-03 01:28:36.282706   - Received to CBT622/API.MACLIB
2023-04-03 01:28:36.294358 - Found COBCOPY.xmi (application/xmit) in CBT.V504.FILE622.PDS
2023-04-03 01:28:36.298162   - Received to CBT622/COBOL.COPYLIB
2023-04-03 01:28:36.352456 - Found MATXCNTL.xmi (application/xmit) in CBT.V504.FILE622.PDS
2023-04-03 01:28:36.367648   - Received to CBT622/V2.CNTL
2023-04-03 01:28:36.403033 - Found MATXLOAD.xmi (application/xmit) in CBT.V504.FILE622.PDS
2023-04-03 01:28:36.417579   - Received RECFM=U data, stored XMIT file as CBT622/MATXLOAD.xmi
2023-04-03 01:28:36.434465 - Found MATXOBJ.xmi (application/xmit) in CBT.V504.FILE622.PDS
2023-04-03 01:28:36.449866   - Received to CBT622/V2.OBJECT
2023-04-03 01:28:36.461919 - Found MATXPARM.xmi (application/xmit) in CBT.V504.FILE622.PDS
2023-04-03 01:28:36.467277   - Received to CBT622/V2.PARMS
2023-04-03 01:28:36.483630 - Found MATXPROC.xmi (application/xmit) in CBT.V504.FILE622.PDS
2023-04-03 01:28:36.490529   - Received to CBT622/V2.PROCLIB
2023-04-03 01:28:36.492115 - Found MXMASM01.txt (text/plain) in CBT.V504.FILE622.PDS, moved to PDS/MXMASM01
2023-04-03 01:28:36.493527 - Found MXMBAT01.txt (text/plain) in CBT.V504.FILE622.PDS, moved to PDS/MXMBAT01
2023-04-03 01:28:36.494778 - Found MXMCOB01.txt (text/plain) in CBT.V504.FILE622.PDS, moved to PDS/MXMCOB01
2023-04-03 01:28:36.495949 - Found MXMCONCP.txt (text/plain) in CBT.V504.FILE622.PDS, moved to PDS/MXMCONCP
2023-04-03 01:28:36.497188 - Found MXMINSTL.txt (text/plain) in CBT.V504.FILE622.PDS, moved to PDS/MXMINSTL
2023-04-03 01:28:36.498251 - Found MXMTBLAS.txt (text/plain) in CBT.V504.FILE622.PDS, moved to PDS/MXMTBLAS
2023-04-03 01:28:36.499482 - Found MXMTBLCB.txt (text/plain) in CBT.V504.FILE622.PDS, moved to PDS/MXMTBLCB
2023-04-03 01:28:36.500836 - Found MXMTSO01.txt (text/plain) in CBT.V504.FILE622.PDS, moved to PDS/MXMTSO01
2023-04-03 01:28:36.518992 - Found SAMPLOAD.xmi (application/xmit) in CBT.V504.FILE622.PDS
2023-04-03 01:28:36.531305   - Received RECFM=U data, stored XMIT file as CBT622/SAMPLOAD.xmi
2023-04-03 01:28:36.559964 - Found SAMPMAC.xmi (application/xmit) in CBT.V504.FILE622.PDS
2023-04-03 01:28:36.570631   - Received to CBT622/SAMPLE.MACLIB
2023-04-03 01:28:36.589229 - Found SAMPOBJ.xmi (application/xmit) in CBT.V504.FILE622.PDS
2023-04-03 01:28:36.605473   - Received to CBT622/SAMPLE.OBJECT
2023-04-03 01:28:36.714444 - Found SAMPSRCE.xmi (application/xmit) in CBT.V504.FILE622.PDS
2023-04-03 01:28:36.733076   - Received to CBT622/SAMPLE.SOURCE
2023-04-03 01:28:36.772570 - Found UTILLOAD.xmi (application/xmit) in CBT.V504.FILE622.PDS
2023-04-03 01:28:36.784942   - Received RECFM=U data, stored XMIT file as CBT622/UTILLOAD.xmi
